Drill report for kicad_dual_neopixel_driver.kicad_pcb
Created on Sat Nov  4 16:43:40 2023

Copper Layer Stackup:
    =============================================================
    L1 :  F.Cu                      front
    L2 :  In1.Cu                    in1
    L3 :  In2.Cu                    in2
    L4 :  B.Cu                      back


Drill file 'kicad_dual_neopixel_driver.drl' contains
    plated through holes:
    =============================================================
    T1  0.200mm  0.0079"  (12 holes)
    T2  0.400mm  0.0157"  (15 holes)
    T3  0.600mm  0.0236"  (4 holes)  (with 4 slots)
    T4  0.800mm  0.0315"  (2 holes)
    T5  1.000mm  0.0394"  (12 holes)
    T6  1.500mm  0.0591"  (2 holes)
    T7  1.520mm  0.0598"  (4 holes)
    T8  3.200mm  0.1260"  (2 holes)

    Total plated holes count 53


Not plated through holes are merged with plated holes
    unplated through holes:
    =============================================================
    T9  0.650mm  0.0256"  (2 holes)

    Total unplated holes count 2
